0 info it worked if it ends with ok
1 verbose cli [ '/usr/bin/node', '/usr/bin/npm', 'remove', 'node-sass' ]
2 info using npm@1.4.28
3 info using node@v0.10.37
4 verbose node symlink /usr/bin/node
5 verbose node_modules/node-sass unbuild
6 info preuninstall node-sass@3.2.0
7 info uninstall node-sass@3.2.0
8 verbose true,/home/tyler/Documents/dev/web/proj/tp/node_modules,/home/tyler/Documents/dev/web/proj/tp/node_modules unbuild node-sass@3.2.0
9 verbose /home/tyler/Documents/dev/web/proj/tp/node_modules/.bin,[object Object] binRoot
10 info postuninstall node-sass@3.2.0
11 error Error: EACCES, unlink '/home/tyler/Documents/dev/web/proj/tp/node_modules/node-sass/node_modules/.bin/mkdirp'
11 error  { [Error: EACCES, unlink '/home/tyler/Documents/dev/web/proj/tp/node_modules/node-sass/node_modules/.bin/mkdirp']
11 error   errno: 3,
11 error   code: 'EACCES',
11 error   path: '/home/tyler/Documents/dev/web/proj/tp/node_modules/node-sass/node_modules/.bin/mkdirp' }
12 error Please try running this command again as root/Administrator.
13 error System Linux 3.13.0-57-generic
14 error command "/usr/bin/node" "/usr/bin/npm" "remove" "node-sass"
15 error cwd /home/tyler/Documents/dev/web/proj/tp
16 error node -v v0.10.37
17 error npm -v 1.4.28
18 error path /home/tyler/Documents/dev/web/proj/tp/node_modules/node-sass/node_modules/.bin/mkdirp
19 error code EACCES
20 error errno 3
21 error stack Error: EACCES, unlink '/home/tyler/Documents/dev/web/proj/tp/node_modules/node-sass/node_modules/.bin/mkdirp'
22 verbose exit [ 3, true ]
